<?xml version="1.0" encoding="UTF-8"?>
<!-- Generated by org.testng.reporters.JUnitReportReporter -->
<testsuite skipped="0" hostname="Work" name="DataDriven.jxl" tests="1" failures="0" timestamp="2022-04-06T13:44:37 IST" time="0.228" errors="0">
  <testcase name="testcase1" time="0.228" classname="DataDriven.jxl"/>
  <system-out/>
</testsuite> <!-- DataDriven.jxl -->
