<?xml version="1.0" encoding="UTF-8"?>
<!-- Generated by org.testng.reporters.JUnitReportReporter -->
<testsuite skipped="0" hostname="Work" name="WebDriver.Groups" tests="2" failures="0" timestamp="2022-04-05T23:50:58 IST" time="0.010" errors="0">
  <testcase name="testcase2" time="0.008" classname="WebDriver.Groups"/>
  <system-out/>
  <testcase name="testcase3" time="0.002" classname="WebDriver.Groups"/>
  <system-out/>
</testsuite> <!-- WebDriver.Groups -->
