<?xml version="1.0" encoding="UTF-8"?>
<!-- Generated by org.testng.reporters.JUnitReportReporter -->
<testsuite skipped="1" hostname="DESKTOP-T6TE4H0" name="WebDriver.WebDriverTest" tests="2" failures="0" timestamp="2022-03-26T00:55:53 IST" time="15.726" errors="0">
  <testcase name="testcase2" time="15.726" classname="WebDriver.WebDriverTest"/>
  <system-out/>
  <testcase name="testcase1" classname="WebDriver.WebDriverTest">
    <skipped/>
  </testcase> <!-- testcase1 -->
  <system-out/>
</testsuite> <!-- WebDriver.WebDriverTest -->
