<?xml version="1.0" encoding="UTF-8"?>
<!-- Generated by org.testng.reporters.JUnitReportReporter -->
<testsuite skipped="7" hostname="Work" name="WebDriver.SimpleCommands" tests="8" failures="0" timestamp="2022-04-18T14:39:26 IST" time="23.556" errors="0">
  <testcase name="testcase8" time="23.556" classname="WebDriver.SimpleCommands"/>
  <system-out/>
  <testcase name="testcase5" classname="WebDriver.SimpleCommands">
    <skipped/>
  </testcase> <!-- testcase5 -->
  <system-out/>
  <testcase name="testcase4" classname="WebDriver.SimpleCommands">
    <skipped/>
  </testcase> <!-- testcase4 -->
  <system-out/>
  <testcase name="testcase3" classname="WebDriver.SimpleCommands">
    <skipped/>
  </testcase> <!-- testcase3 -->
  <system-out/>
  <testcase name="testcase2" classname="WebDriver.SimpleCommands">
    <skipped/>
  </testcase> <!-- testcase2 -->
  <system-out/>
  <testcase name="testcase7" classname="WebDriver.SimpleCommands">
    <skipped/>
  </testcase> <!-- testcase7 -->
  <system-out/>
  <testcase name="testcase6" classname="WebDriver.SimpleCommands">
    <skipped/>
  </testcase> <!-- testcase6 -->
  <system-out/>
  <testcase name="testcase1" classname="WebDriver.SimpleCommands">
    <skipped/>
  </testcase> <!-- testcase1 -->
  <system-out/>
</testsuite> <!-- WebDriver.SimpleCommands -->
