<?xml version="1.0" encoding="UTF-8"?>
<!-- Generated by org.testng.reporters.JUnitReportReporter -->
<testsuite skipped="0" hostname="Work" name="WebDriver.Dp" tests="2" failures="0" timestamp="2022-04-05T23:36:48 IST" time="36.630" errors="0">
  <testcase name="f" time="13.728" classname="WebDriver.Dp"/>
  <system-out/>
  <testcase name="f" time="22.902" classname="WebDriver.Dp"/>
  <system-out/>
</testsuite> <!-- WebDriver.Dp -->
