<?xml version="1.0" encoding="UTF-8"?>
<!-- Generated by org.testng.reporters.JUnitReportReporter -->
<testsuite skipped="0" hostname="Work" name="practise.AppiumFramework.TC_01" tests="1" failures="0" timestamp="2022-04-26T11:41:17 IST" time="82.403" errors="0">
  <testcase name="tc1" time="82.403" classname="practise.AppiumFramework.TC_01"/>
  <system-out/>
</testsuite> <!-- practise.AppiumFramework.TC_01 -->
