<?xml version="1.0" encoding="UTF-8"?>
<!-- Generated by org.testng.reporters.JUnitReportReporter -->
<testsuite skipped="0" hostname="Work" name="TestRun.Run" tests="1" failures="0" timestamp="2022-04-08T12:22:32 IST" time="9.091" errors="0">
  <testcase name="runScenario" time="9.091" classname="TestRun.Run"/>
  <system-out/>
</testsuite> <!-- TestRun.Run -->
