<?xml version="1.0" encoding="UTF-8"?>
<!-- Generated by org.testng.reporters.JUnitReportReporter -->
<testsuite skipped="0" hostname="DESKTOP-T6TE4H0" name="RestTesting.Ecommerce" tests="2" failures="0" timestamp="2022-03-20T21:52:45 IST" time="18.386" errors="0">
  <testcase name="signup" time="13.599" classname="RestTesting.Ecommerce"/>
  <system-out/>
  <testcase name="Login" time="4.787" classname="RestTesting.Ecommerce"/>
  <system-out/>
</testsuite> <!-- RestTesting.Ecommerce -->
