<?xml version="1.0" encoding="UTF-8"?>
<!-- Generated by org.testng.reporters.JUnitReportReporter -->
<testsuite hostname="DESKTOP-T6TE4H0" failures="0" tests="3" name="RestTesting.trello" time="4.305" errors="0" timestamp="2022-03-16T16:06:30 IST" skipped="0">
  <testcase classname="RestTesting.trello" name="createBoard" time="1.483"/>
  <system-out/>
  <testcase classname="RestTesting.trello" name="getBoard" time="0.907"/>
  <system-out/>
  <testcase classname="RestTesting.trello" name="DeleteBoard" time="1.915"/>
  <system-out/>
</testsuite> <!-- RestTesting.trello -->
