<?xml version="1.0" encoding="UTF-8"?>
<!-- Generated by org.testng.reporters.JUnitReportReporter -->
<testsuite hostname="DESKTOP-T6TE4H0" failures="0" tests="2" name="RestTesting.TestNG" time="0.007" errors="0" timestamp="2022-03-16T12:16:23 IST" skipped="0">
  <testcase classname="RestTesting.TestNG" name="testcase1" time="0.005"/>
  <system-out/>
  <testcase classname="RestTesting.TestNG" name="testcase2" time="0.002"/>
  <system-out/>
</testsuite> <!-- RestTesting.TestNG -->
